1559777085636	mozrunner::runner	INFO	Running command: "C:\\Program Files\\Mozilla Firefox\\firefox.exe" "-marionette" "-foreground" "-no-remote" "-profile" "C:\\Users\\stan_\\AppData\\Local\\Temp\\rust_mozprofile.r4ztzjNtP4b0"
1559777086569	addons.webextension.screenshots@mozilla.org	WARN	Loading extension 'screenshots@mozilla.org': Reading manifest: Invalid extension permission: mozillaAddons
1559777086570	addons.webextension.screenshots@mozilla.org	WARN	Loading extension 'screenshots@mozilla.org': Reading manifest: Invalid extension permission: resource://pdf.js/
1559777086570	addons.webextension.screenshots@mozilla.org	WARN	Loading extension 'screenshots@mozilla.org': Reading manifest: Invalid extension permission: about:reader*
1559777089302	Marionette	INFO	Listening on port 51016
1559777089483	Marionette	WARN	TLS certificate errors will be ignored for this session
[Parent 34136, Gecko_IOThread] WARNING: pipe error: 109: file z:/task_1558035249/build/src/ipc/chromium/src/chrome/common/ipc_channel_win.cc, line 341
[Parent 34136, Gecko_IOThread] WARNING: pipe error: 109: file z:/task_1558035249/build/src/ipc/chromium/src/chrome/common/ipc_channel_win.cc, line 341
[Child 2360, Chrome_ChildThread] WARNING: pipe error: 109: file z:/task_1558035249/build/src/ipc/chromium/src/chrome/common/ipc_c[Child 49716, Chrome_ChildThread] WARNhING: pipe aerror: 109: finnel_win.cc, line 341
le z:/task_155[Ch803il5249/build/src/ipc/chromium/src/chrome/common/ipc_channel_win.cc, line 341
[Child 49716, Chrom[Parent 34136, Gecko_IOThread] WARNING: pipe error: 109: file z:/task_1558035249/build/src/ipc/chromium/src/chrome/common/ipc_channel_win.cc, line 341
1559777235511	Marionette	INFO	Stopped listening on port 51016
[GPU
###!!! [Child][MessageChannel::SendAndWait] Error: Channel error: cannot send/recv

1559777308942	mozrunner::runner	INFO	Running command: "C:\\Program Files\\Mozilla Firefox\\firefox.exe" "-marionette" "-foreground" "-no-remote" "-profile" "C:\\Users\\stan_\\AppData\\Local\\Temp\\rust_mozprofile.2O1Ei83aormr"
1559777309676	addons.webextension.screenshots@mozilla.org	WARN	Loading extension 'screenshots@mozilla.org': Reading manifest: Invalid extension permission: mozillaAddons
1559777309676	addons.webextension.screenshots@mozilla.org	WARN	Loading extension 'screenshots@mozilla.org': Reading manifest: Invalid extension permission: resource://pdf.js/
1559777309676	addons.webextension.screenshots@mozilla.org	WARN	Loading extension 'screenshots@mozilla.org': Reading manifest: Invalid extension permission: about:reader*
1559777312074	Marionette	INFO	Listening on port 51137
1559777312178	Marionette	WARN	TLS certificate errors will be ignored for this session
console.error: BroadcastService: 
  receivedBroadcastMessage: handler for
  remote-settings/monitor_changes
  threw error:
  Message: Error: Polling for changes failed: http://%(server)s/dummy/blocklist//buckets/monitor/collections/changes/records?_expected=%221559769348272%22 is not a valid URL..
  Stack:
    remoteSettingsFunction/remoteSettings.pollChanges@resource://services-settings/remote-settings.js:203:13

[Parent 49304, Gecko_IOThread] WARNING: pipe error: 109: file z:/task_1558035249/build/src/ipc/chromium/src/chrome/common/ipc_channel_win.cc, line 341
[Parent 49304, Gecko_IOThread] WARNING: pipe error: 109: file z:/task_1558035249/build/src/ipc/chromium/src/chrome/common/ipc_channel_win.cc, line 341
[Child 26176, Chrome_ChildThread] WARNING: pipe error: 109: file z:/task_1558035249/build/src/ipc/chromium/src/chrome/common/ipc_channel_win.cc, line 341
[Child 2617[Child 43132, Chrome_ChildThread] WARNING: pipe error: 109: file z:/task_1558035249/build/src/ipc/chromium/src/chrome/common/ipc_channel_win.cc, line 341
[Child 43132, [Parent 49304, Gecko_IOThread] WARNING: pipe error: 109: file z:/task_1558035249/build/src/ipc/chromium/src/chrome/common/ipc_channel_win.cc, line 341
1559777597014	Marionette	INFO	Stopped listening on port 51137

###!!! [Child][RunMessage] Erro[Parent 48892, Gecko_IOThread] WARNING: pipe error: 109: file z:/task_1558035249/build/src/ipc/chromium/src/chrome/common/ipc_channel_win.cc, line 341
[Parent 48892, Gecko_IOThread] WARNING: pipe error: 109: file z:/task_1558035249/build/src/ipc/chromium/src/chrome/common/ipc_channel_win.cc, line 341
[Child 47264, Chrome_ChildThread] WARNING: pipe error: 109: file z:/task_1558035249/build/src/ipc/chromium/src/chrome/common/ipc_channel_win.cc, line 341
[Child 47264, Chrome[Child 51220, Chrome_ChildThread] WARNING: pipe error: 109: file z:/task_1558035249/build/src/ipc/chromium/src/chrome/common/ipc_channel_win.cc, line 341
[Child 51220, Chrome_ChildThread] WAR[Parent 48892, Gecko_IOThread] WARNING: pipe error: 109: file z:/task_1558035249/build/src/ipc/chromium/src/chrome/common/ipc_channel_win.cc, line 341
[Child 49344, Chrome_ChildThread] WARNING: pipe error: 109: file[Child 27716, Chrome_ChildThread] WARNING: pipe error: 109: file z:/task_[Child 51856, 15580Ch35249rome_/builChildd/srcThread] WARNING: pipe error: 109/ipc/: file z:/taskchrom_155ium/s8035249/buildrc/src/ipc/chromium/src//chrome/cocmmon/ipc_chhromannel_win.cc, line 341e/co
mmon/ipc_channel_win.[Chcildc, line 341
[Child 51856, Chrome_ChildThread] WARNING: pipe error: 109: f[Parent 51988, Gecko_IOThread] WARNING: pipe error: 109: file z:/task_1558035249/build/src/ipc/chromium/src/chrome/common/ipc_channel_win.cc, line 341
[Child 43852, Chrome_ChildThread] WARNING: pipe error: 109: file z:/task_1558035249/build/src/ipc/chromium/src/chrome/common/ipc_channel_win.cc, line 341
[Child 4381559777599710	Marionette	INFO	Stopped listening on port 51300
[GPU 
###!!! [Child][RunMessage] Error: Channel closing: too late to send/recv, messages will be lost


###!!! [Child][MessageChannel::SendAndWait] Error: Channel error: cannot send/recv

1559777725073	mozrunner::runner	INFO	Running command: "C:\\Program Files\\Mozilla Firefox\\firefox.exe" "-marionette" "-foreground" "-no-remote" "-profile" "C:\\Users\\stan_\\AppData\\Local\\Temp\\rust_mozprofile.6dsgDI6xgYnd"
1559777725776	addons.webextension.screenshots@mozilla.org	WARN	Loading extension 'screenshots@mozilla.org': Reading manifest: Invalid extension permission: mozillaAddons
1559777725776	addons.webextension.screenshots@mozilla.org	WARN	Loading extension 'screenshots@mozilla.org': Reading manifest: Invalid extension permission: resource://pdf.js/
1559777725776	addons.webextension.screenshots@mozilla.org	WARN	Loading extension 'screenshots@mozilla.org': Reading manifest: Invalid extension permission: about:reader*
1559777727949	Marionette	INFO	Listening on port 51373
1559777728312	Marionette	WARN	TLS certificate errors will be ignored for this session
[Parent 47468, Gecko_IOThread] WARNING: pipe error: 109: file z:/task_1558035249/build/src/ipc/chromium/src/chrome/common/ipc_channel_win.cc, line 341
[Child 52620, Chrome_ChildThread] WARNING: pipe error: 109: file z:/task_1558035249/build/src/ipc/chromium/src/chrome/common/ipc_channel_win.cc, line 341
[Child 52[Parent 47468, Gecko_IOThread] WARNING: pipe error: 109: file z:/task_1558035249/build/src/ipc/chromium/src/chrome/common/ipc_channel_win.cc, line 341
[Parent 47468, Gecko_IOThread] WARNING: pipe error: 109: file z:/task_1558035249/build/src/ipc/chromium/src/chrome/common/ipc_channel_win.cc, line 341
[Child 52672, Chrome_ChildThread] WARNING: pipe error: 109: file z:/task_1558035249/build/src/ipc/chromium/src/chrome/comm[Child 52928, Chromeon/ipc_chann_ChildThreead] WARNING: pipe errolr: 109: _wifn.cc,i linel 341e
 z:/task_1558035249/build/src/ipc/chromium/src/chrome/common/ipc_channel_win.cc, line 341
[Child 52928, C[Parent 47468, Gecko_IOThread] WARNING: pipe error: 109: file z:/task_1558035249/build/src/ipc/chromium/src/chrome/common/ipc_channel_win.cc, line 341
[Child 25168, Chrome_ChildThread] WARNING: pipe error: 109: file z:/task_1558035249/build/src/ipc/chromium/src/chrome/common/ipc_channel_win.cc, line 341
[Child 25168, Chrome_ChildT1559777795588	Marionette	INFO	Stopped listening on port 51373
[
###!!! [Child][MessageChannel::SendAndWait] Error: Channel error: cannot send/recv

1559777964415	mozrunner::runner	INFO	Running command: "C:\\Program Files\\Mozilla Firefox\\firefox.exe" "-marionette" "-foreground" "-no-remote" "-profile" "C:\\Users\\stan_\\AppData\\Local\\Temp\\rust_mozprofile.XBcOoy21Isrp"
1559777965116	addons.webextension.screenshots@mozilla.org	WARN	Loading extension 'screenshots@mozilla.org': Reading manifest: Invalid extension permission: mozillaAddons
1559777965117	addons.webextension.screenshots@mozilla.org	WARN	Loading extension 'screenshots@mozilla.org': Reading manifest: Invalid extension permission: resource://pdf.js/
1559777965117	addons.webextension.screenshots@mozilla.org	WARN	Loading extension 'screenshots@mozilla.org': Reading manifest: Invalid extension permission: about:reader*
1559777967238	Marionette	INFO	Listening on port 51480
1559777967648	Marionette	WARN	TLS certificate errors will be ignored for this session
[Parent 53104, Gecko_IOThread] WARNING: pipe error: 109: file z:/task_1558035249/build/src/ipc/chromium/src/chrome/common/ipc_channel_win.cc, line 341
[Parent 53104, Gecko_IOThread] WARNING: pipe error: 109: file z:/task_1558035249/build/src/ipc/chromium/src/chrome/common/ipc_channel_win.cc, line 341
[Child 48800, Chrome_ChildThread] WARNING: pipe error: 109: file z:/task_1558035249/build/src/ipc/chromium/src/chrome/common/ipc_channel_win.cc, line 341
[Child 48800, Chrome_ChildThread] WARNING: pipe err[Child 51468, Chrome_ChildThread] WARNING: pipe error: 109: file z:/task_1558035249/build/src/ipc/chromium/src/chrome/common/ipc_channel_win.cc, line 341
[Child 51468, Chrome_Chi[Parent 53104, Gecko_IOThread] WARNING: pipe error: 109: file z:/task_1558035249/build/src/ipc/chromium/src/chrome/common/ipc_channel_win.cc, line 341
[Child 47732, Chrome_ChildThread] WARNING: pipe error: 109: file z:/task_1558035249/build/src/ipc/chromium/src/chrome/common/ipc_channel_win.cc, line 341
[Child 4771559778019218	Marionette	INFO	Stopped listening on port 51480

###!!! [Child][RunMessage] Error: Channel closing: too late to send/recv, messages will be lost


###!!! [Child][MessageChannel::SendAndWait] Error: Channel error: cannot send/recv

 109: file z:/task_1558035249/build/src/ipc/chromium/src/chrome/common/ipc_channel_win.cc, line 341
[Child 53012, Chrome_ChildThread] WA[Parent 36608, Gecko_IOThread] WARNING: pipe error: 109: file z:/task_1558035249/build/src/ipc/chromium/src/chrome/common/ipc_channel_win.cc, line 341
[Child 49580, Chrome_ChildThread] WARNING: pipe error: 109: file z:/task_1558035249/build/src/ipc/chromium/src/chrome/common/ipc_channel_win.cc, line 341
[Child 1559778015324	Marionette	INFO	Stopped listening on port 51538

###!!! [Child][RunMessage] Error: Channel closing: too late to send/recv, messages will be lost

[
###!!! [Child][MessageChannel::SendAndWait] Error: Channel error: cannot send/recv

1559778421014	mozrunner::runner	INFO	Running command: "C:\\Program Files\\Mozilla Firefox\\firefox.exe" "-marionette" "-foreground" "-no-remote" "-profile" "C:\\Users\\stan_\\AppData\\Local\\Temp\\rust_mozprofile.eXxZMMrFTlOR"
1559778421748	addons.webextension.screenshots@mozilla.org	WARN	Loading extension 'screenshots@mozilla.org': Reading manifest: Invalid extension permission: mozillaAddons
1559778421748	addons.webextension.screenshots@mozilla.org	WARN	Loading extension 'screenshots@mozilla.org': Reading manifest: Invalid extension permission: resource://pdf.js/
1559778421749	addons.webextension.screenshots@mozilla.org	WARN	Loading extension 'screenshots@mozilla.org': Reading manifest: Invalid extension permission: about:reader*
1559778423690	Marionette	INFO	Listening on port 51681
1559778423747	Marionette	WARN	TLS certificate errors will be ignored for this session
console.error: BroadcastService: 
  receivedBroadcastMessage: handler for
  remote-settings/monitor_changes
  threw error:
  Message: Error: Polling for changes failed: http://%(server)s/dummy/blocklist//buckets/monitor/collections/changes/records?_expected=%221559774912279%22 is not a valid URL..
  Stack:
    remoteSettingsFunction/remoteSettings.pollChanges@resource://services-settings/remote-settings.js:203:13

[Parent 39256, Gecko_IOThread] WARNING: pipe error: 109: file z:/task_1558035249/build/src/ipc/chromium/src/chrome/common/ipc_channel_win.cc, line 341
[Child 52548, Chrome_ChildThread] WARNING: pipe error: 109: file z:/task_1558035249/build/src/ipc/chromium/src/chrome/common/ipc_channel_win.cc[,Child 50840, Chrome_ChildThread] WARNING: pip linee  erro341r: 109:
 file z:/task_1558035249/build/sr[Chilcd/ 52ipc/chromium/src/chrome/common/ipc_channel_win.cc, line 341
[Child 50840, C[Parent 39256, Gecko_IOThread] WARNING: pipe error: 109: file z:/task_1558035249/build/src/ipc/chromium/src/chrome/common/ipc_channel_win.cc, line 341
[Child 43180, Chrome_ChildThread] WARNING: pipe error: 109: file z:/task_1558035249/build/src/ipc/chromium/src/chrome/common/ipc_channel_win.cc, line 341
[Child 43180, Chro1559778538097	Marionette	INFO	Stopped listening on port 51681

###!!! [Child][MessageChannel::SendAndWait] Error: Channel error: cannot send/recv

35249/build/src/ipc/chromium/src/chrome/common/ipc_channel_win.cc, line 341
[Parent 44404, Gecko_IOThread] WARNING: pipe error: 109: file z:/task_1558035249/build/src/ipc/chromium/src/chrome/common/ipc_channel_win.cc, line 341
[Child 52560, Chrome_ChildThread] WARNING: pipe error: 109: file z:/task_1558035249/build/src/ipc/chromium/src/chrome/common/ipc_channel_win.cc, line 341
[Child 5256[Child 52672, Chrome_ChildThread] WARNING: pipe error: 109: file z:/task_1558035249/build/src/ipc/chromium/src/chrome/common/ipc_channel_win.cc, line 341
[Child 52672, C[Parent 44404, Gecko_IOThread] WARNING: pipe error: 109: file z:/task_1558035249/build/src/ipc/chromium/src/chrome/common/ipc_channel_win.cc, line 341
[Child 49952, Chrome_ChildThread] WARNING: pipe error: 109: file z:/task_1558035249/build/src/ipc/chromium/src/chrome/common/ipc_channel_win.cc, line 341
[Child 49952,1559778535741	Marionette	INFO	Stopped listening on port 51738
[G
###!!! [Child][RunMessage] Error: Channel closing: too late to send/recv, messages will be lost

PU 
###!!! [Child][MessageChannel::SendAndWait] Error: Channel error: cannot send/recv

Thread] WARNING: pipe error: 109: file z:/task_1558[035249/build/Child 48572, Chrome_ChildThresrc/ipc/chad] WARNromiING: um/src/chpriopme/coe error: 109mmon/: file z:/taipc_channsel_win.cc, k_155803524line 349/build/1s
rc/ipc/chr[Childomium/src/chrome/common/ipc_channel_win.cc, line 341
[Child 48572, Chrom[Child 48360, Chrome_ChildThread] WARNING: pipe error: 109: file z:/task_1558035249/build/src/ipc/chromium/src/chrome/common/ipc_channel_win.cc, line 341
[Child 48360, 1559778533341	Marionette	INFO	Stopped listening on port 51794
[
###!!! [Child][MessageChannel::SendAndWait] Error: Channel error: cannot send/recv

1559778819178	mozrunner::runner	INFO	Running command: "C:\\Program Files\\Mozilla Firefox\\firefox.exe" "-marionette" "-foreground" "-no-remote" "-profile" "C:\\Users\\stan_\\AppData\\Local\\Temp\\rust_mozprofile.aTEUf21mJBiI"
1559778819849	addons.webextension.screenshots@mozilla.org	WARN	Loading extension 'screenshots@mozilla.org': Reading manifest: Invalid extension permission: mozillaAddons
1559778819849	addons.webextension.screenshots@mozilla.org	WARN	Loading extension 'screenshots@mozilla.org': Reading manifest: Invalid extension permission: resource://pdf.js/
1559778819849	addons.webextension.screenshots@mozilla.org	WARN	Loading extension 'screenshots@mozilla.org': Reading manifest: Invalid extension permission: about:reader*
1559778822020	Marionette	INFO	Listening on port 51906
1559778822421	Marionette	WARN	TLS certificate errors will be ignored for this session
[Child 47888, Chrome_ChildThread] WARNING: pipe error: 109: file z:/task_1558035249/build/src/ipc/chromium/src/chrome/common/ipc_channel_win.cc, line 341
[Child 47888[Parent 52784, Gecko_IOThread] WARNING: pipe error: 109: file z:/task_1558035249/build/src/ipc/chromium/src/chrome/common/ipc_channel_win.cc, line 341
[Child 52792, Chrome_ChildThread] WARNING: pipe error: 109: file z:/task_1558035249/build/src/ipc/chromium/src/chrome/common/ipc_channel_win.cc, line 341
[Child 527[Parent 52784, Gecko_IOThread] WARNING: pipe error: 109: file z:/task_1558035249/build/src/ipc/chromium/src/chrome/common/ipc_channel_win.cc, line 341
1559778838850	Marionette	INFO	Stopped listening on port 51906
[
###!!! [Child][MessageChannel::SendAndWait] Error: Channel error: cannot send/recv

1559779000355	mozrunner::runner	INFO	Running command: "C:\\Program Files\\Mozilla Firefox\\firefox.exe" "-marionette" "-foreground" "-no-remote" "-profile" "C:\\Users\\stan_\\AppData\\Local\\Temp\\rust_mozprofile.PW3sDST6e1t5"
1559779001017	addons.webextension.screenshots@mozilla.org	WARN	Loading extension 'screenshots@mozilla.org': Reading manifest: Invalid extension permission: mozillaAddons
1559779001017	addons.webextension.screenshots@mozilla.org	WARN	Loading extension 'screenshots@mozilla.org': Reading manifest: Invalid extension permission: resource://pdf.js/
1559779001017	addons.webextension.screenshots@mozilla.org	WARN	Loading extension 'screenshots@mozilla.org': Reading manifest: Invalid extension permission: about:reader*
1559779003073	Marionette	INFO	Listening on port 52008
1559779003096	Marionette	WARN	TLS certificate errors will be ignored for this session
[Child 49668, Chrome_ChildThread] WARNING: pipe error: 109: file z:/task_1558035249/build/src/ipc/chromium/src/chrome/common/ipc_channel_win.cc, line 341
[Child 47852, Chrome_ChildThread] WARNING: pipe error: 109: file z:/task_1558035249/build/src/ipc/chromium/src/chrome/common/ipc_channel_win.cc, line 341
[Child 47852, Ch[Parent 44240, Gecko_IOThread] WARNING: pipe error: 109: file z:/task_1558035249/build/src/ipc/chromium/src/chrome/common/ipc_channel_win.cc, line 341
[Child 49324, Chrome_ChildThread] WARNING: pipe error: 109: file z:/task_1558035249/build/src/ipc/chromium/src/chrome/common/ipc_channel_win.cc, line 341
[Child 49321559779013374	Marionette	INFO	Stopped listening on port 52008

###!!! [Child][RunMessage] Error: Channel closing: too late to send/recv, messages will be lost

[
###!!! [Child][MessageChannel::SendAndWait] Error: Channel error: cannot send/recv

1559779138671	mozrunner::runner	INFO	Running command: "C:\\Program Files\\Mozilla Firefox\\firefox.exe" "-marionette" "-foreground" "-no-remote" "-profile" "C:\\Users\\stan_\\AppData\\Local\\Temp\\rust_mozprofile.UeWZ9kjUG9eq"
1559779139259	addons.webextension.screenshots@mozilla.org	WARN	Loading extension 'screenshots@mozilla.org': Reading manifest: Invalid extension permission: mozillaAddons
1559779139259	addons.webextension.screenshots@mozilla.org	WARN	Loading extension 'screenshots@mozilla.org': Reading manifest: Invalid extension permission: resource://pdf.js/
1559779139259	addons.webextension.screenshots@mozilla.org	WARN	Loading extension 'screenshots@mozilla.org': Reading manifest: Invalid extension permission: about:reader*
1559779141811	Marionette	INFO	Listening on port 52065
1559779141905	Marionette	WARN	TLS certificate errors will be ignored for this session
[Parent 17720, Gecko_IOThread] WARNING: pipe error: 109: file z:/task_1558035249/build/src/ipc/chromium/src/chrome/common/ipc_channel_win.cc, line 341
[Parent 17720, Gecko_IOThread] WARNING: pipe error: 109: file z:/task_1558035249/build/src/ipc/chromium/src/chrome/common/ipc_channel_win.cc, line 341
[Child 49336, Chrome_ChildThread] WARNING: pipe error: 109: file z:/task_1558035249/build/src/ipc/chro[Child 50516, miuChrome_Childm/src/chrome/Thread] WARNING:common/ipc_channel_win.cc, l pipine 341e error: 10
9: file z:/tas[Childk_1558035249/build/src/ipc/chromium/src/chrome/common/ipc_channel_win.cc, line 341
[Child 50[Parent 17720, Gecko_IOThread] WARNING: pipe error: 109: file z:/task_1558035249/build/src/ipc/chromium/src/chrome/common/ipc_channel_win.cc, line 341
[Child 50948, Chrome_ChildThread] WARNING: pipe error: 109: file z:/task_1558035249/build/src/ipc/chromium/src/chrome/common/ipc_channel_win.cc, line 341
[Child 509481559779167066	Marionette	INFO	Stopped listening on port 52065

###!!! [Child][RunMessage] Error: Channel closing: too late to send/recv, messages will be lost


###!!! [Child][MessageChannel::SendAndWait] Error: Channel error: cannot send/recv

1559779398350	mozrunner::runner	INFO	Running command: "C:\\Program Files\\Mozilla Firefox\\firefox.exe" "-marionette" "-foreground" "-no-remote" "-profile" "C:\\Users\\stan_\\AppData\\Local\\Temp\\rust_mozprofile.q25Kl4HnVTkM"
1559779399069	addons.webextension.screenshots@mozilla.org	WARN	Loading extension 'screenshots@mozilla.org': Reading manifest: Invalid extension permission: mozillaAddons
1559779399069	addons.webextension.screenshots@mozilla.org	WARN	Loading extension 'screenshots@mozilla.org': Reading manifest: Invalid extension permission: resource://pdf.js/
1559779399070	addons.webextension.screenshots@mozilla.org	WARN	Loading extension 'screenshots@mozilla.org': Reading manifest: Invalid extension permission: about:reader*
1559779401138	Marionette	INFO	Listening on port 52146
1559779401584	Marionette	WARN	TLS certificate errors will be ignored for this session
[Parent 52872, Gecko_IOThread] WARNING: pipe error: 109: file z:/task_1558035249/build/src/ipc/chromium/src/chrome/common/ipc_channel_win.cc, line 341
[Child 43416, Chrome_ChildThread] WARNING: pipe error: 109: file z:/task_1558035249/build/src/ipc/chromium/src/chrome/common/ipc_channel_win.cc, line 341
[Child 43416, Chrome_Chi[Parent 52872, Gecko_IOThread] WARNING: pipe error: 109: file z:/task_1558035249/build/src/ipc/chromium/src/chrome/common/ipc_channel_win.cc, line 341
[Child 43388, Chrome_ChildThread] WARNING: pipe error: 109: file z:/task_1558035249/build/src/ipc/chromium/src/chrome/common/ipc_channel_win.cc, line 341
[Child 43388,[Parent 52872, Gecko_IOThread] WARNING: pipe error: 109: file z:/task_1558035249/build/src/ipc/chromium/src/chrome/common/ipc_channel_win.cc, line 341
1559780809666	Marionette	INFO	Stopped listening on port 52146

###!!! [Child][MessageChannel::SendAndWait] Error: Channel error: cannot send/recv

sk_1558035249/build/src/ipc/chromium/src/chrome/common/ipc_channel_win.cc, line 341
[Parent 50192, Gecko_IOThread] WARNING: pipe error: 109: file z:/task_1558035249/build/src/ipc/chromium/src/chrome/common/ipc_channel_win.cc, line 341
[Child 43516, Chrome_ChildThread] WARNING: pipe error: 109: file z:/task_1558035249/build/src/ipc/chromium/src/chrome/common/ipc_channel_win.cc, line 341
[Child 43516, Chrome_Chil[Child 49700, Chrome_ChildThread] WARNING: pipe error: 109: file z:/task_1558035249/build/src/ipc/chromium/src/chrome/common/ipc_channel_win.cc, line 341
[Child 49700, [Parent 50192, Gecko_IOThread] WARNING: pipe error: 109: file z:/task_1558035249/build/src/ipc/chromium/src/chrome/common/ipc_channel_win.cc, line 341
[Child 50704, Chrome_ChildThread] WARNING: pipe error: 109: file z:/task_1558035249/build/src/ipc/chromium/src/chrome/common/ipc_channel_win.cc, line 341
[Child 501559779540709	Marionette	INFO	Stopped listening on port 52261

###!!! [Child][RunMessage] Error: Channel closing: too late to send/recv, messages will be lost

[GPU 482[Parent 50192, Gecko_IOThread] WARNING: pipe error: 232: file z:/task_1558035249/build/src/ipc/chromium/src/chrome/common/ipc_channel_win.cc, line 502

###!!! [Child][MessageChannel::SendAndWait] Error: Channel error: cannot send/recv

1559779554213	mozrunner::runner	INFO	Running command: "C:\\Program Files\\Mozilla Firefox\\firefox.exe" "-marionette" "-foreground" "-no-remote" "-profile" "C:\\Users\\stan_\\AppData\\Local\\Temp\\rust_mozprofile.GtGnlPefLs34"
1559779554801	addons.webextension.screenshots@mozilla.org	WARN	Loading extension 'screenshots@mozilla.org': Reading manifest: Invalid extension permission: mozillaAddons
1559779554802	addons.webextension.screenshots@mozilla.org	WARN	Loading extension 'screenshots@mozilla.org': Reading manifest: Invalid extension permission: resource://pdf.js/
1559779554802	addons.webextension.screenshots@mozilla.org	WARN	Loading extension 'screenshots@mozilla.org': Reading manifest: Invalid extension permission: about:reader*
1559779556890	Marionette	INFO	Listening on port 52321
1559779556949	Marionette	WARN	TLS certificate errors will be ignored for this session
[Parent 47388, Gecko_IOThread] WARNING: pipe error: 109: file z:/task_1558035249/build/src/ipc/chromium/src/chrome/common/ipc_channel_win.cc, line 341
[Child 46500, Chrome_ChildThread] WARNING: pipe error: 109: file z:/task_1558035249/build/src/ipc/chromium/src/chrome/common/ipc_channel[Chi_win.cc, linle 3d 52540,4 Chrom1
e_ChildThread] WAR[CNING: pipe error: 109: file z:/task_1558035249/build/src/ipc/chromium/src/chrome/common/ipc_channel_win.cc, line 341
[Child 52540, Chrome_Chil[Parent 47388, Gecko_IOThread] WARNING: pipe error: 109: file z:/task_1558035249/build/src/ipc/chromium/src/chrome/common/ipc_channel_win.cc, line 341
[Child 37356, Chrome_ChildThread] WARNING: pipe error: 109: file z:/task_1558035249/build/src/ipc/chromium/src/chrome/common/ipc_channel_win.cc, line 341
[Child 373561559779577887	Marionette	INFO	Stopped listening on port 52321

###!!! [Child][MessageChannel::SendAndWait] Error: Channel error: cannot send/recv

1559779582420	mozrunner::runner	INFO	Running command: "C:\\Program Files\\Mozilla Firefox\\firefox.exe" "-marionette" "-foreground" "-no-remote" "-profile" "C:\\Users\\stan_\\AppData\\Local\\Temp\\rust_mozprofile.y1jFRBD1z2D8"
1559779583054	addons.webextension.screenshots@mozilla.org	WARN	Loading extension 'screenshots@mozilla.org': Reading manifest: Invalid extension permission: mozillaAddons
1559779583054	addons.webextension.screenshots@mozilla.org	WARN	Loading extension 'screenshots@mozilla.org': Reading manifest: Invalid extension permission: resource://pdf.js/
1559779583055	addons.webextension.screenshots@mozilla.org	WARN	Loading extension 'screenshots@mozilla.org': Reading manifest: Invalid extension permission: about:reader*
1559779585070	Marionette	INFO	Listening on port 52379
1559779585155	Marionette	WARN	TLS certificate errors will be ignored for this session
[Parent 44552, Gecko_IOThread] WARNING: pipe error: 109: file z:/task_1558035249/build/src/ipc/chromium/src/chrome/common/ipc_channel_win.cc, line 341
[Child 51976, Chrome_ChildThread] WARNING: pipe error: 109: file z:/task_1558035249/build/src/ipc/chromium/src/chrome/common/ipc_channel_win.cc, line 341
[Child 51840, Chr[ome_ChildThread] WARNING: pipe error: 109: file z:/task_1558035249/build/src/ipc/chromium/src/chrome/common/ipc_channel_win.cc, line 341
[Child 51840, C[Parent 44552, Gecko_IOThread] WARNING: pipe error: 109: file z:/task_1558035249/build/src/ipc/chromium/src/chrome/common/ipc_channel_win.cc, line 341
[Child 49760, Chrome_ChildThread] WARNING: pipe error: 109: file z:/task_1558035249/build/src/ipc/chromium/src/chrome/common/ipc_channel_win.cc, line 341
[Child 49760, Chrome_Chi1559779631425	Marionette	INFO	Stopped listening on port 52379

###!!! [Child][MessageChannel::SendAndWait] Error: Channel error: cannot send/recv

1558035249/build/src/ipc/chromium/src/chrome/common/i[Child 46396, Chrome_ChildThread] WARNING:pc_channel_wi npipe error: 109: file z:/task_155803524.cc,9 line/build/src/ipc/chromium/src/chrome/common/ipc_channel_win.cc, line 341
 341
[Child 46396[,Child 52232, Chro[Parent 50352, Gecko_IOThread] WARNING: pipe error: 109: file z:/task_1558035249/build/src/ipc/chromium/src/chrome/common/ipc_channel_win.cc, line 341
[Child 49272, Chrome_ChildThread] WARNING: pipe error: 109: file z:/task_1558035249/build/src/ipc/chromium/src/chrome/common/ipc_channel_win.cc, line 341
[Child 49271559779628915	Marionette	INFO	Stopped listening on port 52456
[GP
###!!! [Child][MessageChannel::SendAndWait] Error: Channel error: cannot send/recv

1559780075452	mozrunner::runner	INFO	Running command: "C:\\Program Files\\Mozilla Firefox\\firefox.exe" "-marionette" "-foreground" "-no-remote" "-profile" "C:\\Users\\stan_\\AppData\\Local\\Temp\\rust_mozprofile.OpnPhnDPqqaY"
1559780076140	addons.webextension.screenshots@mozilla.org	WARN	Loading extension 'screenshots@mozilla.org': Reading manifest: Invalid extension permission: mozillaAddons
1559780076141	addons.webextension.screenshots@mozilla.org	WARN	Loading extension 'screenshots@mozilla.org': Reading manifest: Invalid extension permission: resource://pdf.js/
1559780076141	addons.webextension.screenshots@mozilla.org	WARN	Loading extension 'screenshots@mozilla.org': Reading manifest: Invalid extension permission: about:reader*
1559780078432	Marionette	INFO	Listening on port 52566
1559780078689	Marionette	WARN	TLS certificate errors will be ignored for this session
[Child 40068, Chrome_ChildThread] WARNING: pipe error: 109: file z:/task_1558035249/build/src/ipc/chromiu[Child 53144, Chrome_ChildThread] WARNING: pipe error: 109: file z:/task_1558m/src/chrom035249/build/src/ipc/chromium/src/chrome/common/ipc_channel_win.cc, line 341
e/comm[Child o53144, Chronm/ipc_channel_win.cc, line 341
[Child 40068, Chrome_ChildThread] WARNING: pipe error: 109: fil[Parent 43340, Gecko_IOThread] WARNING: pipe error: 109: file z:/task_1558035249/build/src/ipc/chromium/src/chrome/common/ipc_channel_win.cc, line 341
[Child 51188, Chrome_ChildThread] WARNING: pipe error: 109: file z:/task_1558035249/build/src/ipc/chromium/src/chrome/common/ipc_channel_win.cc, line 341
[Child 511559780094522	Marionette	INFO	Stopped listening on port 52566

###!!! [Child][RunMessage] Error: Channel closing: too late to send/recv, messages will be lost

[
###!!! [Child][MessageChannel::SendAndWait] Error: Channel error: cannot send/recv

1559780210171	mozrunner::runner	INFO	Running command: "C:\\Program Files\\Mozilla Firefox\\firefox.exe" "-marionette" "-foreground" "-no-remote" "-profile" "C:\\Users\\stan_\\AppData\\Local\\Temp\\rust_mozprofile.FsccllyRibvU"
1559780210759	addons.webextension.screenshots@mozilla.org	WARN	Loading extension 'screenshots@mozilla.org': Reading manifest: Invalid extension permission: mozillaAddons
1559780210759	addons.webextension.screenshots@mozilla.org	WARN	Loading extension 'screenshots@mozilla.org': Reading manifest: Invalid extension permission: resource://pdf.js/
1559780210759	addons.webextension.screenshots@mozilla.org	WARN	Loading extension 'screenshots@mozilla.org': Reading manifest: Invalid extension permission: about:reader*
1559780212799	Marionette	INFO	Listening on port 52682
1559780212911	Marionette	WARN	TLS certificate errors will be ignored for this session
[Parent 44180, Gecko_IOThread] WARNING: pipe error: 109: file z:/task_1558035249/build/src/ipc/chromium/src/chrome/common/ipc_channel_win.cc, line 341
[Parent 44180, Gecko_IOThread] WARNING: pipe error: 109: file z:/task_1558035249/build/src/ipc/chromium/src/chrome/common/ipc_channel_win.cc, line 341
[Child 48980, Chrome_ChildThread] WARNING: pipe error: 109: file z:/task_1558035249/build/src/ipc/chromium/src/chrome/common/ipc_channel_win.cc, line 341
[Child 48980, Chrome_ChildThread] WARNING: [Child 35688, Chrome_ChildThread] WARNING: pipe error: 109: file z:/task_1558035249/build/src/ipc/chromium/src/chrome/common/ipc_channel_win.cc, line 341
[Child 35688, Ch[Parent 44180, Gecko_IOThread] WARNING: pipe error: 109: file z:/task_1558035249/build/src/ipc/chromium/src/chrome/common/ipc_channel_win.cc, line 341
[Child 49368, Chrome_ChildThread] WARNING: pipe error: 109: file z:/task_1558035249/build/src/ipc/chromium/src/chrome/common/ipc_channel_win.cc, line 341
[Child 49368,1559780225359	Marionette	INFO	Stopped listening on port 52682
[GPU 5243
###!!! [Child][MessageChannel::SendAndWait] Error: Channel error: cannot send/recv

1559780250646	mozrunner::runner	INFO	Running command: "C:\\Program Files\\Mozilla Firefox\\firefox.exe" "-marionette" "-foreground" "-no-remote" "-profile" "C:\\Users\\stan_\\AppData\\Local\\Temp\\rust_mozprofile.LGjJ7k33xC6R"
1559780251191	addons.webextension.screenshots@mozilla.org	WARN	Loading extension 'screenshots@mozilla.org': Reading manifest: Invalid extension permission: mozillaAddons
1559780251192	addons.webextension.screenshots@mozilla.org	WARN	Loading extension 'screenshots@mozilla.org': Reading manifest: Invalid extension permission: resource://pdf.js/
1559780251192	addons.webextension.screenshots@mozilla.org	WARN	Loading extension 'screenshots@mozilla.org': Reading manifest: Invalid extension permission: about:reader*
1559780253217	Marionette	INFO	Listening on port 52739
1559780253394	Marionette	WARN	TLS certificate errors will be ignored for this session
[Parent 50396, Gecko_IOThread] WARNING: pipe error: 109: file z:/task_1558035249/build/src/ipc/chromium/src/chrome/common/ipc_channel_win.cc, line 341
[Parent 50396, Gecko_IOThread] WARNING: pipe error: 109: file z:/task_1558035249/build/src/ipc/chromium/src/chrome/common/ipc_channel_win.cc, line 341
[Child 51660, Chrome_ChildThread] WARNING: pipe error: 109: file z:/task[Ch_15580ild 494396,5 Ch2rome_Ch49/build/ildThrsrc/iead] WApc/RNINchroG: pipemium e/rsrc/chrome/common/ipc_channel_win.cc, line 341
ror: 109:[Child 51660 file z:/task_1558035249/build/src/ipc/chromium/src/chrome/common/ipc_channel_win.cc, line 341
[Child 49496, Chrome[Parent 50396, Gecko_IOThread] WARNING: pipe error: 109: file z:/task_1558035249/build/src/ipc/chromium/src/chrome/common/ipc_channel_win.cc, line 341
[Child 45476, Chrome_ChildThread] WARNING: pipe error: 109: file z:/task_1558035249/build/src/ipc/chromium/src/chrome/common/ipc_channel_win.cc, line 341
[Child 4541559780265213	Marionette	INFO	Stopped listening on port 52739
[GPU
###!!! [Child][MessageChannel::SendAndWait] Error: Channel error: cannot send/recv

1559780508012	mozrunner::runner	INFO	Running command: "C:\\Program Files\\Mozilla Firefox\\firefox.exe" "-marionette" "-foreground" "-no-remote" "-profile" "C:\\Users\\stan_\\AppData\\Local\\Temp\\rust_mozprofile.9h2refQF5r6y"
1559780508606	addons.webextension.screenshots@mozilla.org	WARN	Loading extension 'screenshots@mozilla.org': Reading manifest: Invalid extension permission: mozillaAddons
1559780508606	addons.webextension.screenshots@mozilla.org	WARN	Loading extension 'screenshots@mozilla.org': Reading manifest: Invalid extension permission: resource://pdf.js/
1559780508606	addons.webextension.screenshots@mozilla.org	WARN	Loading extension 'screenshots@mozilla.org': Reading manifest: Invalid extension permission: about:reader*
1559780511142	Marionette	INFO	Listening on port 52837
1559780511258	Marionette	WARN	TLS certificate errors will be ignored for this session
[Parent 47408, Gecko_IOThread] WARNING: pipe error: 109: file z:/task_1558035249/build/src/ipc/chromium/src/chrome/common/ipc_channel_win.cc, line 341
[Child 50408, Chrome_ChildThread] WARNING: pipe error: 109: file z:/task_1558035249/build/src/ipc/chromium/src/chrome/common/ipc_channel_win.cc, line 341
[Child 50408,[Parent 47408, Gecko_IOThread] WARNING: pipe error: 109: file z:/task_1558035249/build/src/ipc/chromium/src/chrome/common/ipc_channel_win.cc, line 341
1559780813402	Marionette	INFO	Stopped listening on port 52837

###!!! [Child][RunMessage] Error: Channel closing: too late to send/recv, messages will be lost


###!!! [Child][MessageChannel::SendAndWait] Error: Channel error: cannot send/recv

1560976354550	mozrunner::runner	INFO	Running command: "C:\\Program Files\\Mozilla Firefox\\firefox.exe" "-marionette" "-foreground" "-no-remote" "-profile" "C:\\Users\\stan_\\AppData\\Local\\Temp\\rust_mozprofile.zdJYiC3OP5K3"
1560976365155	mozrunner::runner	INFO	Running command: "C:\\Program Files\\Mozilla Firefox\\firefox.exe" "-marionette" "-foreground" "-no-remote" "-profile" "C:\\Users\\stan_\\AppData\\Local\\Temp\\rust_mozprofile.hl0TJbMOrx5y"
1560976365698	addons.webextension.screenshots@mozilla.org	WARN	Loading extension 'screenshots@mozilla.org': Reading manifest: Invalid extension permission: mozillaAddons
1560976365699	addons.webextension.screenshots@mozilla.org	WARN	Loading extension 'screenshots@mozilla.org': Reading manifest: Invalid extension permission: resource://pdf.js/
1560976365699	addons.webextension.screenshots@mozilla.org	WARN	Loading extension 'screenshots@mozilla.org': Reading manifest: Invalid extension permission: about:reader*
1560976367518	Marionette	INFO	Listening on port 57018
1560976367891	Marionette	WARN	TLS certificate errors will be ignored for this session
1560976393620	Marionette	INFO	Stopped listening on port 57018
[Parent 22660, Gecko_IOThread] WARNING: pipe error: 109: file z:/task_1560820494/build/src/ipc/chromium/src/chrome/common/ipc_channel_win.cc, line 341
[Child 19388, Chrome_ChildThread] WARNING: pipe error: 109: file z:/task_1560820494/build/src/ipc/chromium/src/chrome/common/ipc_channel_win.cc, line 341
[Parent 22660, Gecko_IOThread] WARNING: pipe error: 109: file z:/task_1560820494/build/src/ipc/chromium/src/chrome/common/ipc_channel_win.cc, line 341
[Child 3552, Chrome_ChildThread] WARNING: pipe error: 109: file z:/task_1560820494/build/src/ipc/chromium/src/chrome/common/ipc_channel_win.cc, line 341
[Child 3552, Chrom[Parent 22660, Gecko_IOThread] WARNING: pipe error: 109: file z:/task_1560820494/build/src/ipc/chromium/src/chrome/common/ipc_channel_win.cc, line 341
[GPU 26012
###!!! [Child][RunMessage] Error: Channel closing: too late to send/recv, messages will be lost


###!!! [Child][MessageChannel::SendAndWait] Error: Channel error: cannot send/recv

1560976752803	mozrunner::runner	INFO	Running command: "C:\\Program Files\\Mozilla Firefox\\firefox.exe" "-marionette" "-foreground" "-no-remote" "-profile" "C:\\Users\\stan_\\AppData\\Local\\Temp\\rust_mozprofile.pbm5LHATJNg1"
1560976753272	addons.webextension.screenshots@mozilla.org	WARN	Loading extension 'screenshots@mozilla.org': Reading manifest: Invalid extension permission: mozillaAddons
1560976753272	addons.webextension.screenshots@mozilla.org	WARN	Loading extension 'screenshots@mozilla.org': Reading manifest: Invalid extension permission: resource://pdf.js/
1560976753272	addons.webextension.screenshots@mozilla.org	WARN	Loading extension 'screenshots@mozilla.org': Reading manifest: Invalid extension permission: about:reader*
1560976754804	Marionette	INFO	Listening on port 57124
1560976754920	Marionette	WARN	TLS certificate errors will be ignored for this session
1560976768398	Marionette	INFO	Stopped listening on port 57124
[Parent 11792, Gecko_IOThread] WARNING: pipe error: 109: file z:/task_1560820494/build/src/ipc/chromium/src/chrome/common/ipc_channel_win.cc, line 341
[Child 24348, Chrome_ChildThread] WARNING: pipe error: 109: file z:/task_1560820494/build/src/ipc/chromium/src/chrome/common/ipc_channel_win.cc, line 341
[Child 24348, [Parent 11792, Gecko_IOThread] WARNING: pipe error: 109: file z:/task_1560820494/build/src/ipc/chromium/src/chrome/common/ipc_channel_win.cc, line 341
[Child 26660, Chrome_ChildThread] WARNING: pipe error: 109: file z:/task_1560820494/build/src/ipc/chromium/src/chrome/common/ipc_channel_win.cc, line 341
[Child 26660, Chro
###!!! [Child][RunMessage] Error: Channel closing: too late to send/recv, messages will be lost

[GP
###!!! [Child][MessageChannel::SendAndWait] Error: Channel error: cannot send/recv

1561245235468	mozrunner::runner	INFO	Running command: "C:\\Program Files\\Mozilla Firefox\\firefox.exe" "-marionette" "-foreground" "-no-remote" "-profile" "C:\\Users\\stan_\\AppData\\Local\\Temp\\rust_mozprofile.CLkzhcKgObdh"
1561245236505	addons.webextension.screenshots@mozilla.org	WARN	Loading extension 'screenshots@mozilla.org': Reading manifest: Invalid extension permission: mozillaAddons
1561245236506	addons.webextension.screenshots@mozilla.org	WARN	Loading extension 'screenshots@mozilla.org': Reading manifest: Invalid extension permission: resource://pdf.js/
1561245236506	addons.webextension.screenshots@mozilla.org	WARN	Loading extension 'screenshots@mozilla.org': Reading manifest: Invalid extension permission: about:reader*
1561245239994	Marionette	INFO	Listening on port 57442
1561245240409	Marionette	WARN	TLS certificate errors will be ignored for this session
console.error: BroadcastService: 
  receivedBroadcastMessage: handler for
  remote-settings/monitor_changes
  threw error:
  Message: Error: Polling for changes failed: http://%(server)s/dummy/blocklist//buckets/monitor/collections/changes/records?_expected=%221561074211915%22 is not a valid URL..
  Stack:
    remoteSettingsFunction/remoteSettings.pollChanges@resource://services-settings/remote-settings.js:203:13

1561245267530	Marionette	INFO	Stopped listening on port 57442
[Child 44140, Chrome_ChildThread] WARNING: pipe error: 109: file z:/task_1560820494/build/src/ipc/chromium/src/chrome/common/ipc_channel_win.cc, line 341
[Parent 51136, Gecko_IOThread] WARNING: pipe error: 109: file z:/task_1560820494/build/src/ipc/chromium/src/chrome/common/ipc_channel_win.cc, line 341
[Child 41384, Chrome_ChildThread] WARNING: pipe error: 109: file z:/task_1560820494/build/src/ipc/chromium/src/chrome/common/ipc_channel_win.cc, line 341
[Child 41384, Chrome_ChildThre[Parent 51136, Gecko_IOThread] WARNING: pipe error: 109: file z:/task_1560820494/build/src/ipc/chromium/src/chrome/common/ipc_channel_win.cc, line 341
[Child 26464, Chrome_ChildThread] WARNING: pipe error: 109: file z:/task_1560820494/build/src/ipc/chromium/src/chrome/common/ipc_channel_win.cc, line 341
[Child 26464, Chrome_ChildThread] WARNING: pipe error: 109: file z:/task_1560820494/build/src/ipc/chromium/src/chrome/common/ipc_channel_win.cc, line 341
[GPU 512
###!!! [Child][MessageChannel::SendAndWait] Error: Channel error: cannot send/recv

